<?xml version="1.0" encoding="UTF-8"?>
<!-- Generated by org.testng.reporters.JUnitReportReporter -->
<testsuite hostname="LAPTOP-9SLUSCSO" failures="0" tests="1" name="runner.Run1" time="65.913" errors="0" timestamp="2021-07-26T20:02:33 IST" skipped="0">
  <testcase classname="runner.Run1" name="runScenario" time="65.913"/>
  <system-out/>
</testsuite> <!-- runner.Run1 -->
